[debug] [2023-09-10T15:36:16.664Z] ----------------------------------------------------------------------
[debug] [2023-09-10T15:36:16.666Z] Command:       C:\Program Files\nodejs\node.exe C:\Users\Dell\AppData\Roaming\npm\node_modules\firebase-tools\lib\bin\firebase.js init hosting
[debug] [2023-09-10T15:36:16.667Z] CLI Version:   12.5.3
[debug] [2023-09-10T15:36:16.667Z] Platform:      win32
[debug] [2023-09-10T15:36:16.667Z] Node Version:  v18.13.0
[debug] [2023-09-10T15:36:16.668Z] Time:          Sun Sep 10 2023 21:06:16 GMT+0530 (India Standard Time)
[debug] [2023-09-10T15:36:16.668Z] ----------------------------------------------------------------------
[debug] 
[debug] [2023-09-10T15:36:16.676Z] > command requires scopes: ["email","openid","https://www.googleapis.com/auth/cloudplatformprojects.readonly","https://www.googleapis.com/auth/firebase","https://www.googleapis.com/auth/cloud-platform"]
[debug] [2023-09-10T15:36:16.677Z] > authorizing via signed-in user (elanchezhian2712.m@gmail.com)
[info] 
     ######## #### ########  ######## ########     ###     ######  ########
     ##        ##  ##     ## ##       ##     ##  ##   ##  ##       ##
     ######    ##  ########  ######   ########  #########  ######  ######
     ##        ##  ##    ##  ##       ##     ## ##     ##       ## ##
     ##       #### ##     ## ######## ########  ##     ##  ######  ########

You're about to initialize a Firebase project in this directory:

  C:\Users\Dell\Desktop\el\Portfolio-Website

[info] 
=== Project Setup
[info] 
[info] First, let's associate this project directory with a Firebase project.
[info] You can create multiple project aliases by running firebase use --add, 
[info] but for now we'll just set up a default project.
[info] 
[debug] [2023-09-10T15:36:31.157Z] >>> [apiv2][query] GET https://firebase.googleapis.com/v1beta1/projects pageSize=100
[debug] [2023-09-10T15:36:32.146Z] <<< [apiv2][status] GET https://firebase.googleapis.com/v1beta1/projects 200
[debug] [2023-09-10T15:36:32.147Z] <<< [apiv2][body] GET https://firebase.googleapis.com/v1beta1/projects [omitted]
[info] i  Using project vsifpc (vsifpc) 
[info] 
=== Hosting Setup
[info] 
[info] Your public directory is the folder (relative to your project directory) that
[info] will contain Hosting assets to be uploaded with firebase deploy. If you
[info] have a build process for your assets, use your build's output directory.
[info] 
[info] +  Wrote public/404.html 
[debug] [2023-09-10T15:37:24.300Z] >>> [apiv2][query] GET https://www.gstatic.com/firebasejs/releases.json [none]
[debug] [2023-09-10T15:37:24.678Z] <<< [apiv2][status] GET https://www.gstatic.com/firebasejs/releases.json 200
[debug] [2023-09-10T15:37:24.678Z] <<< [apiv2][body] GET https://www.gstatic.com/firebasejs/releases.json {"current":{"version":"10.3.1","browserURL":"https://www.gstatic.com/firebasejs/10.3.1/firebase.js","packageURL":"https://www.gstatic.com/firebasejs/10.3.1/firebase.tgz"},"live":{"version":"10.3","browserURL":"https://www.gstatic.com/firebasejs/live/10.3/firebase.js","packageURL":"https://www.gstatic.com/firebasejs/live/10.3/firebase.tgz"},"components":{"analytics":"https://www.gstatic.com/firebasejs/10.3.1/firebase-analytics.js","app":"https://www.gstatic.com/firebasejs/10.3.1/firebase-app.js","app-check":"https://www.gstatic.com/firebasejs/10.3.1/firebase-app-check.js","auth":"https://www.gstatic.com/firebasejs/10.3.1/firebase-auth.js","auth/cordova":"https://www.gstatic.com/firebasejs/10.3.1/firebase-auth/cordova.js","functions":"https://www.gstatic.com/firebasejs/10.3.1/firebase-functions.js","firestore":"https://www.gstatic.com/firebasejs/10.3.1/firebase-firestore.js","firestore/lite":"https://www.gstatic.com/firebasejs/10.3.1/firebase-firestore/lite.js","installations":"https://www.gstatic.com/firebasejs/10.3.1/firebase-installations.js","storage":"https://www.gstatic.com/firebasejs/10.3.1/firebase-storage.js","performance":"https://www.gstatic.com/firebasejs/10.3.1/firebase-performance.js","remote-config":"https://www.gstatic.com/firebasejs/10.3.1/firebase-remote-config.js","messaging":"https://www.gstatic.com/firebasejs/10.3.1/firebase-messaging.js","messaging/sw":"https://www.gstatic.com/firebasejs/10.3.1/firebase-messaging/sw.js","database":"https://www.gstatic.com/firebasejs/10.3.1/firebase-database.js","firestore.memory":"https://www.gstatic.com/firebasejs/10.3.1/firebase-firestore.memory.js"}}
[info] i  Skipping write of public/index.html 
[info] 
[info] i  Detected a .git folder at C:\Users\Dell\Desktop\el\Portfolio-Website 
[info] i  Authorizing with GitHub to upload your service account to a GitHub repository's secrets store. 
[info] 
[info] Visit this URL on this device to log in:
[info] https://github.com/login/oauth/authorize?client_id=89cf50f02ac6aaed3484&state=335616319&redirect_uri=http%3A%2F%2Flocalhost%3A9005&scope=read%3Auser%20repo%20public_repo
[info] 
[info] Waiting for authentication...
[debug] [2023-09-10T15:37:55.036Z] >>> [apiv2][query] POST https://github.com/login/oauth/access_token [none]
[debug] [2023-09-10T15:37:55.036Z] >>> [apiv2][body] POST https://github.com/login/oauth/access_token [stream]
[debug] [2023-09-10T15:37:55.784Z] <<< [apiv2][status] POST https://github.com/login/oauth/access_token 200
[debug] [2023-09-10T15:37:55.785Z] <<< [apiv2][body] POST https://github.com/login/oauth/access_token {"access_token":"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","token_type":"bearer","scope":"read:user,repo"}
[debug] [2023-09-10T15:37:55.794Z] >>> [apiv2][query] GET https://api.github.com/user [none]
[debug] [2023-09-10T15:37:56.455Z] <<< [apiv2][status] GET https://api.github.com/user 200
[debug] [2023-09-10T15:37:56.455Z] <<< [apiv2][body] GET https://api.github.com/user {"login":"Elanchezhian2712","id":122656808,"node_id":"U_kgDOB0-YKA","avatar_url":"https://avatars.githubusercontent.com/u/122656808?v=4","gravatar_id":"","url":"https://api.github.com/users/Elanchezhian2712","html_url":"https://github.com/Elanchezhian2712","followers_url":"https://api.github.com/users/Elanchezhian2712/followers","following_url":"https://api.github.com/users/Elanchezhian2712/following{/other_user}","gists_url":"https://api.github.com/users/Elanchezhian2712/gists{/gist_id}","starred_url":"https://api.github.com/users/Elanchezhian2712/starred{/owner}{/repo}","subscriptions_url":"https://api.github.com/users/Elanchezhian2712/subscriptions","organizations_url":"https://api.github.com/users/Elanchezhian2712/orgs","repos_url":"https://api.github.com/users/Elanchezhian2712/repos","events_url":"https://api.github.com/users/Elanchezhian2712/events{/privacy}","received_events_url":"https://api.github.com/users/Elanchezhian2712/received_events","type":"User","site_admin":false,"name":"Elanchezhian_muthukumar","company":null,"blog":"https://elanchezhian-2712.web.app/","location":"Salem, Tamil Nadu","email":null,"hireable":true,"bio":"👋 Hello, I'm Elanchezhian M!\r\n\r\n🌱 I'm currently pursuing an MCA degree at Periyar University with a strong passion for software development and problem-solvin","twitter_username":null,"public_repos":10,"public_gists":0,"followers":0,"following":1,"created_at":"2023-01-14T02:34:55Z","updated_at":"2023-08-30T14:49:23Z","private_gists":0,"total_private_repos":0,"owned_private_repos":0,"disk_usage":36500,"collaborators":0,"two_factor_authentication":false,"plan":{"name":"free","space":976562499,"collaborators":0,"private_repos":10000}}
[info] 
[info] +  Success! Logged into GitHub as Elanchezhian2712 
[info] 
